NEW: implement KL expansion
TODO: builtin sykbols for the classical orthogonal polynomials
"limit" is null at arb4j/arb.expressions.nodes.IntegralNode.evaluateIndefiniteIntegralAt(IntegralNode.java:217)
todo: mouse wheel zooms control or whole scene
expr compiler:  fractional derivatices
java.lang.NoClassDefFoundError: k-2*j(k,x)funcat k-2*j(k,x).evaluate(Unknown Source)at arb4j/arb.functions.Function.evaluate(Function.java:240)at arb4j/arb.functions.Function.evaluate(Function.java:220)at arb4j/arb.functions.integer.Sequence.evaluate(Sequence.java:47)at arb4j/arb.expressions.nodes.unary.SphericalBesselFunctionNodeOfTheFirstKindTest.testj0ViaRealFunctionalExpression(SphericalBesselFunctionNodeOfTheFirstKindTest.java:24)at java.base/jdk.internal.reflect.DirectMethodHandleAccessor.invoke(DirectMethodHandleAccessor.java:103)at java.base/java.lang.reflect.Method.invoke(Method.java:580)at junit@4.13.2/junit.framework.TestCase.runTest(TestCase.java:177)at junit@4.13.2/junit.framework.TestCase.runBare(TestCase.java:142)at junit@4.13.2/junit.framework.TestResult$1.protect(TestResult.java:122)at junit@4.13.2/junit.framework.TestResult.runProtected(TestResult.java:142)at junit@4.13.2/junit.framework.TestResult.run(TestResult.java:125)at junit@4.13.2/junit.framework.TestCase.run(TestCase.java:130)at junit@4.13.2/junit.framework.TestSuite.runTest(TestSuite.java:241)at junit@4.13.2/junit.framework.TestSuite.run(TestSuite.java:236)at junit@4.13.2/org.junit.internal.runners.JUnit38ClassRunner.run(JUnit38ClassRunner.java:90)at org.eclipse.jdt.internal.junit4.runner.JUnit4TestReference.run(JUnit4TestReference.java:93)at org.eclipse.jdt.internal.junit.runner.TestExecution.run(TestExecution.java:40)at org.eclipse.jdt.internal.junit.runner.RemoteTestRunner.runTests(RemoteTestRunner.java:530)at org.eclipse.jdt.internal.junit.runner.RemoteTestRunner.runTests(RemoteTestRunner.java:758)at org.eclipse.jdt.internal.junit.runner.RemoteTestRunner.run(RemoteTestRunner.java:453)at org.eclipse.jdt.internal.junit.runner.RemoteTestRunner.main(RemoteTestRunner.java:211)Caused by: java.lang.ClassNotFoundException: k-2*j(k,x)funcat java.base/java.lang.ClassLoader.findClass(ClassLoader.java:735)at java.base/java.lang.ClassLoader.loadClass(ClassLoader.java:595)at java.base/java.lang.ClassLoader.loadClass(ClassLoader.java:528)... 22 more
arb.exceptions.UndefinedReferenceException: Undefined reference to variable  'b' at position=-1 in expression=null, independent variable is a and ascendentExpression is null,  remaining='null'at arb4j/arb.expressions.nodes.VariableNode.resolveInheritedVariableReference(VariableNode.java:468)at arb4j/arb.expressions.nodes.VariableNode.resolveReference(VariableNode.java:539)at arb4j/arb.expressions.nodes.VariableNode.<init>(VariableNode.java:115)at arb4j/arb.expressions.nodes.VariableNode.spliceInto(VariableNode.java:560)at arb4j/arb.expressions.nodes.binary.MultiplicationNode.spliceInto(MultiplicationNode.java:116)at arb4j/arb.expressions.nodes.binary.AdditionNode.spliceInto(AdditionNode.java:48)at arb4j/arb.expressions.nodes.binary.AdditionNode.spliceInto(AdditionNode.java:48)at arb4j/arb.expressions.nodes.DerivativeNode.spliceInto(DerivativeNode.java:168)at arb4j/arb.expressions.Expression.generateEvaluationMethod(Expression.java:989)at arb4j/arb.expressions.Expression.generate(Expression.java:812)at arb4j/arb.expressions.Expression.defineClass(Expression.java:595)at arb4j/arb.expressions.Expression.getInstance(Expression.java:1311)at arb4j/arb.expressions.Expression.instantiate(Expression.java:1460)at arb4j/arb.functions.Function.instantiate(Function.java:126)at arb4j/arb.functions.Function.express(Function.java:89)at arb4j/arb.functions.real.RealFunctional.express(RealFunctional.java:29)at arb4j/arb.functions.real.RealFunctional.express(RealFunctional.java:18)at arb4j/arb.expressions.ExpressionTest.testRealFunctionDerivative(ExpressionTest.java:171)at java.base/jdk.internal.reflect.DirectMethodHandleAccessor.invoke(DirectMethodHandleAccessor.java:103)at java.base/java.lang.reflect.Method.invoke(Method.java:580)at junit@4.13.2/junit.framework.TestCase.runTest(TestCase.java:177)at junit@4.13.2/junit.framework.TestCase.runBare(TestCase.java:142)at junit@4.13.2/junit.framework.TestResult$1.protect(TestResult.java:122)at junit@4.13.2/junit.framework.TestResult.runProtected(TestResult.java:142)at junit@4.13.2/junit.framework.TestResult.run(TestResult.java:125)at junit@4.13.2/junit.framework.TestCase.run(TestCase.java:130)at junit@4.13.2/junit.framework.TestSuite.runTest(TestSuite.java:241)at junit@4.13.2/junit.framework.TestSuite.run(TestSuite.java:236)at org.eclipse.jdt.internal.junit.runner.junit3.JUnit3TestReference.run(JUnit3TestReference.java:128)at org.eclipse.jdt.internal.junit.runner.TestExecution.run(TestExecution.java:40)at org.eclipse.jdt.internal.junit.runner.RemoteTestRunner.runTests(RemoteTestRunner.java:530)at org.eclipse.jdt.internal.junit.runner.RemoteTestRunner.runTests(RemoteTestRunner.java:758)at org.eclipse.jdt.internal.junit.runner.RemoteTestRunner.run(RemoteTestRunner.java:453)at org.eclipse.jdt.internal.junit.runner.RemoteTestRunner.main(RemoteTestRunner.java:211)
java.lang.AssertionError: TODO: simplify ½+¼at arb4j/arb.expressions.nodes.binary.AdditionNode.simplify(AdditionNode.java:88)at arb4j/arb.expressions.Expression.simplify(Expression.java:2195)at arb4j/arb.expressions.ExpressionTest.testAFractionConstantTimesAFractionConstant(ExpressionTest.java:37)at java.base/jdk.internal.reflect.DirectMethodHandleAccessor.invoke(DirectMethodHandleAccessor.java:103)at java.base/java.lang.reflect.Method.invoke(Method.java:580)at junit@4.13.2/junit.framework.TestCase.runTest(TestCase.java:177)at junit@4.13.2/junit.framework.TestCase.runBare(TestCase.java:142)at junit@4.13.2/junit.framework.TestResult$1.protect(TestResult.java:122)at junit@4.13.2/junit.framework.TestResult.runProtected(TestResult.java:142)at junit@4.13.2/junit.framework.TestResult.run(TestResult.java:125)at junit@4.13.2/junit.framework.TestCase.run(TestCase.java:130)at junit@4.13.2/junit.framework.TestSuite.runTest(TestSuite.java:241)at junit@4.13.2/junit.framework.TestSuite.run(TestSuite.java:236)at org.eclipse.jdt.internal.junit.runner.junit3.JUnit3TestReference.run(JUnit3TestReference.java:128)at org.eclipse.jdt.internal.junit.runner.TestExecution.run(TestExecution.java:40)at org.eclipse.jdt.internal.junit.runner.RemoteTestRunner.runTests(RemoteTestRunner.java:530)at org.eclipse.jdt.internal.junit.runner.RemoteTestRunner.runTests(RemoteTestRunner.java:758)at org.eclipse.jdt.internal.junit.runner.RemoteTestRunner.run(RemoteTestRunner.java:453)at org.eclipse.jdt.internal.junit.runner.RemoteTestRunner.main(RemoteTestRunner.java:211)
